2025-06-16 11:24:23,819 - sqlalchemy.engine.Engine - INFO - select pg_catalog.version()
2025-06-16 11:24:23,819 - sqlalchemy.engine.Engine - INFO - [raw sql] {}
2025-06-16 11:24:24,152 - sqlalchemy.engine.Engine - INFO - select current_schema()
2025-06-16 11:24:24,152 - sqlalchemy.engine.Engine - INFO - [raw sql] {}
2025-06-16 11:24:24,484 - sqlalchemy.engine.Engine - INFO - show standard_conforming_strings
2025-06-16 11:24:24,484 - sqlalchemy.engine.Engine - INFO - [raw sql] {}
2025-06-16 11:24:24,814 - sqlalchemy.engine.Engine - INFO - BEGIN (implicit)
2025-06-16 11:24:24,814 - sqlalchemy.engine.Engine - INFO - SELECT 1
2025-06-16 11:24:24,814 - sqlalchemy.engine.Engine - INFO - [generated in 0.00083s] {}
2025-06-16 11:24:25,147 - main - INFO - Database connection successful
2025-06-16 11:24:25,147 - sqlalchemy.engine.Engine - INFO - ROLLBACK
2025-06-16 11:25:21,535 - routers.auth - INFO - Login attempt for user: admin@idealtransport.com
2025-06-16 11:25:21,551 - routers.auth - INFO - Authenticating user: admin@idealtransport.com
2025-06-16 11:25:21,551 - routers.auth - INFO - Looking up user with email: admin@idealtransport.com
2025-06-16 11:25:21,726 - sqlalchemy.engine.Engine - INFO - BEGIN (implicit)
2025-06-16 11:25:21,742 - sqlalchemy.engine.Engine - INFO - SELECT users.id AS users_id, users.email AS users_email, users.hashed_password AS users_hashed_password, users.full_name AS users_full_name, users.is_active AS users_is_active, users.is_superuser AS users_is_superuser, users.created_at AS users_created_at, users.updated_at AS users_updated_at 
FROM users 
WHERE users.email = %(email_1)s 
 LIMIT %(param_1)s
2025-06-16 11:25:21,742 - sqlalchemy.engine.Engine - INFO - [generated in 0.00121s] {'email_1': 'admin@idealtransport.com', 'param_1': 1}
2025-06-16 11:25:22,075 - routers.auth - INFO - User found: admin@idealtransport.com
2025-06-16 11:25:22,377 - routers.auth - INFO - Authentication successful: admin@idealtransport.com
2025-06-16 11:25:22,488 - routers.auth - INFO - Login successful: admin@idealtransport.com
2025-06-16 11:25:22,504 - sqlalchemy.engine.Engine - INFO - ROLLBACK
2025-06-16 11:25:23,549 - routers.auth - INFO - Validating token for /me endpoint
2025-06-16 11:25:23,550 - routers.auth - INFO - Looking up user with email: admin@idealtransport.com
2025-06-16 11:25:23,713 - sqlalchemy.engine.Engine - INFO - BEGIN (implicit)
2025-06-16 11:25:23,713 - sqlalchemy.engine.Engine - INFO - SELECT users.id AS users_id, users.email AS users_email, users.hashed_password AS users_hashed_password, users.full_name AS users_full_name, users.is_active AS users_is_active, users.is_superuser AS users_is_superuser, users.created_at AS users_created_at, users.updated_at AS users_updated_at 
FROM users 
WHERE users.email = %(email_1)s 
 LIMIT %(param_1)s
2025-06-16 11:25:23,713 - sqlalchemy.engine.Engine - INFO - [cached since 1.98s ago] {'email_1': 'admin@idealtransport.com', 'param_1': 1}
2025-06-16 11:25:24,053 - routers.auth - INFO - User authenticated successfully: admin@idealtransport.com
2025-06-16 11:25:24,067 - sqlalchemy.engine.Engine - INFO - ROLLBACK
2025-06-16 11:25:24,236 - routers.auth - INFO - Validating token for /me endpoint
2025-06-16 11:25:24,237 - routers.auth - INFO - Looking up user with email: admin@idealtransport.com
2025-06-16 11:25:24,402 - sqlalchemy.engine.Engine - INFO - BEGIN (implicit)
2025-06-16 11:25:24,404 - sqlalchemy.engine.Engine - INFO - SELECT users.id AS users_id, users.email AS users_email, users.hashed_password AS users_hashed_password, users.full_name AS users_full_name, users.is_active AS users_is_active, users.is_superuser AS users_is_superuser, users.created_at AS users_created_at, users.updated_at AS users_updated_at 
FROM users 
WHERE users.email = %(email_1)s 
 LIMIT %(param_1)s
2025-06-16 11:25:24,404 - sqlalchemy.engine.Engine - INFO - [cached since 2.662s ago] {'email_1': 'admin@idealtransport.com', 'param_1': 1}
2025-06-16 11:25:24,720 - routers.auth - INFO - User authenticated successfully: admin@idealtransport.com
2025-06-16 11:25:24,736 - sqlalchemy.engine.Engine - INFO - ROLLBACK
2025-06-16 11:25:24,911 - routers.auth - INFO - Validating token for /me endpoint
2025-06-16 11:25:24,911 - routers.auth - INFO - Looking up user with email: admin@idealtransport.com
2025-06-16 11:25:25,076 - sqlalchemy.engine.Engine - INFO - BEGIN (implicit)
2025-06-16 11:25:25,076 - sqlalchemy.engine.Engine - INFO - SELECT users.id AS users_id, users.email AS users_email, users.hashed_password AS users_hashed_password, users.full_name AS users_full_name, users.is_active AS users_is_active, users.is_superuser AS users_is_superuser, users.created_at AS users_created_at, users.updated_at AS users_updated_at 
FROM users 
WHERE users.email = %(email_1)s 
 LIMIT %(param_1)s
2025-06-16 11:25:25,076 - sqlalchemy.engine.Engine - INFO - [cached since 3.342s ago] {'email_1': 'admin@idealtransport.com', 'param_1': 1}
2025-06-16 11:25:25,415 - routers.auth - INFO - User authenticated successfully: admin@idealtransport.com
2025-06-16 11:25:25,417 - sqlalchemy.engine.Engine - INFO - ROLLBACK
2025-06-16 11:25:25,578 - routers.auth - INFO - Validating token for /me endpoint
2025-06-16 11:25:25,578 - routers.auth - INFO - Looking up user with email: admin@idealtransport.com
2025-06-16 11:25:25,744 - sqlalchemy.engine.Engine - INFO - BEGIN (implicit)
2025-06-16 11:25:25,744 - sqlalchemy.engine.Engine - INFO - SELECT users.id AS users_id, users.email AS users_email, users.hashed_password AS users_hashed_password, users.full_name AS users_full_name, users.is_active AS users_is_active, users.is_superuser AS users_is_superuser, users.created_at AS users_created_at, users.updated_at AS users_updated_at 
FROM users 
WHERE users.email = %(email_1)s 
 LIMIT %(param_1)s
2025-06-16 11:25:25,744 - sqlalchemy.engine.Engine - INFO - [cached since 4.012s ago] {'email_1': 'admin@idealtransport.com', 'param_1': 1}
2025-06-16 11:25:26,083 - routers.auth - INFO - User authenticated successfully: admin@idealtransport.com
2025-06-16 11:25:26,083 - sqlalchemy.engine.Engine - INFO - ROLLBACK
